
Namespace(workers=10, epochs=200, start_epoch=0, batch_size=64, lr=0.001, print_freq=10, evaluate=False, seed=1000, T=2, means=1.0, TET=True, lamb=0.45, dataset='dvscifar10', nprocs=2)
VGGSNN9(
  (features): Sequential(
    (0): Layer(
      (fwd): SeqToANNContainer(
        (module): Sequential(
          (0): Conv2d(3, 32, kernel_size=(3, 3), stride=(1, 1), padding=(1, 1))
          (1): BatchNorm2d(32, eps=1e-05, momentum=0.1, affine=True, track_running_stats=True)
        )
      )
      (act): ZIFArchTan()
    )
    (1): Layer(
      (fwd): SeqToANNContainer(
        (module): Sequential(
          (0): Conv2d(32, 64, kernel_size=(3, 3), stride=(1, 1), padding=(1, 1))
          (1): BatchNorm2d(64, eps=1e-05, momentum=0.1, affine=True, track_running_stats=True)
        )
      )
      (act): ZIFArchTan()
    )
    (2): Layer(
      (fwd): SeqToANNContainer(
        (module): Sequential(
          (0): Conv2d(64, 64, kernel_size=(3, 3), stride=(1, 1), padding=(1, 1))
          (1): BatchNorm2d(64, eps=1e-05, momentum=0.1, affine=True, track_running_stats=True)
        )
      )
      (act): ZIFArchTan()
    )
    (3): SeqToANNContainer(
      (module): AvgPool2d(kernel_size=2, stride=2, padding=0)
    )
    (4): Layer(
      (fwd): SeqToANNContainer(
        (module): Sequential(
          (0): Conv2d(64, 128, kernel_size=(3, 3), stride=(1, 1), padding=(1, 1))
          (1): BatchNorm2d(128, eps=1e-05, momentum=0.1, affine=True, track_running_stats=True)
        )
      )
      (act): ZIFArchTan()
    )
    (5): Layer(
      (fwd): SeqToANNContainer(
        (module): Sequential(
          (0): Conv2d(128, 128, kernel_size=(3, 3), stride=(1, 1), padding=(1, 1))
          (1): BatchNorm2d(128, eps=1e-05, momentum=0.1, affine=True, track_running_stats=True)
        )
      )
      (act): ZIFArchTan()
    )
    (6): SeqToANNContainer(
      (module): AvgPool2d(kernel_size=2, stride=2, padding=0)
    )
    (7): Layer(
      (fwd): SeqToANNContainer(
        (module): Sequential(
          (0): Conv2d(128, 256, kernel_size=(3, 3), stride=(1, 1), padding=(1, 1))
          (1): BatchNorm2d(256, eps=1e-05, momentum=0.1, affine=True, track_running_stats=True)
        )
      )
      (act): ZIFArchTan()
    )
    (8): Layer(
      (fwd): SeqToANNContainer(
        (module): Sequential(
          (0): Conv2d(256, 256, kernel_size=(3, 3), stride=(1, 1), padding=(1, 1))
          (1): BatchNorm2d(256, eps=1e-05, momentum=0.1, affine=True, track_running_stats=True)
        )
      )
      (act): ZIFArchTan()
    )
    (9): SeqToANNContainer(
      (module): AvgPool2d(kernel_size=2, stride=2, padding=0)
    )
    (10): Layer(
      (fwd): SeqToANNContainer(
        (module): Sequential(
          (0): Conv2d(256, 512, kernel_size=(3, 3), stride=(1, 1), padding=(1, 1))
          (1): BatchNorm2d(512, eps=1e-05, momentum=0.1, affine=True, track_running_stats=True)
        )
      )
      (act): ZIFArchTan()
    )
    (11): Layer(
      (fwd): SeqToANNContainer(
        (module): Sequential(
          (0): Conv2d(512, 512, kernel_size=(3, 3), stride=(1, 1), padding=(1, 1))
          (1): BatchNorm2d(512, eps=1e-05, momentum=0.1, affine=True, track_running_stats=True)
        )
      )
      (act): ZIFArchTan()
    )
    (12): SeqToANNContainer(
      (module): AvgPool2d(kernel_size=2, stride=2, padding=0)
    )
  )
  (classifier1): SeqToANNContainer(
    (module): Linear(in_features=4608, out_features=512, bias=True)
  )
  (classifier2): SeqToANNContainer(
    (module): Linear(in_features=512, out_features=10, bias=True)
  )
  (drop): SeqToANNContainer(
    (module): Dropout(p=0.5)
  )
)
VGGSNN9(
  (features): Sequential(
    (0): Layer(
      (fwd): SeqToANNContainer(
        (module): Sequential(
          (0): Conv2d(3, 32, kernel_size=(3, 3), stride=(1, 1), padding=(1, 1))
          (1): BatchNorm2d(32, eps=1e-05, momentum=0.1, affine=True, track_running_stats=True)
        )
      )
      (act): ZIFArchTan()
    )
    (1): Layer(
      (fwd): SeqToANNContainer(
        (module): Sequential(
          (0): Conv2d(32, 64, kernel_size=(3, 3), stride=(1, 1), padding=(1, 1))
          (1): BatchNorm2d(64, eps=1e-05, momentum=0.1, affine=True, track_running_stats=True)
        )
      )
      (act): ZIFArchTan()
    )
    (2): Layer(
      (fwd): SeqToANNContainer(
        (module): Sequential(
          (0): Conv2d(64, 64, kernel_size=(3, 3), stride=(1, 1), padding=(1, 1))
          (1): BatchNorm2d(64, eps=1e-05, momentum=0.1, affine=True, track_running_stats=True)
        )
      )
      (act): ZIFArchTan()
    )
    (3): SeqToANNContainer(
      (module): AvgPool2d(kernel_size=2, stride=2, padding=0)
    )
    (4): Layer(
      (fwd): SeqToANNContainer(
        (module): Sequential(
          (0): Conv2d(64, 128, kernel_size=(3, 3), stride=(1, 1), padding=(1, 1))
          (1): BatchNorm2d(128, eps=1e-05, momentum=0.1, affine=True, track_running_stats=True)
        )
      )
      (act): ZIFArchTan()
    )
    (5): Layer(
      (fwd): SeqToANNContainer(
        (module): Sequential(
          (0): Conv2d(128, 128, kernel_size=(3, 3), stride=(1, 1), padding=(1, 1))
          (1): BatchNorm2d(128, eps=1e-05, momentum=0.1, affine=True, track_running_stats=True)
        )
      )
      (act): ZIFArchTan()
    )
    (6): SeqToANNContainer(
      (module): AvgPool2d(kernel_size=2, stride=2, padding=0)
    )
    (7): Layer(
      (fwd): SeqToANNContainer(
        (module): Sequential(
          (0): Conv2d(128, 256, kernel_size=(3, 3), stride=(1, 1), padding=(1, 1))
          (1): BatchNorm2d(256, eps=1e-05, momentum=0.1, affine=True, track_running_stats=True)
        )
      )
      (act): ZIFArchTan()
    )
    (8): Layer(
      (fwd): SeqToANNContainer(
        (module): Sequential(
          (0): Conv2d(256, 256, kernel_size=(3, 3), stride=(1, 1), padding=(1, 1))
          (1): BatchNorm2d(256, eps=1e-05, momentum=0.1, affine=True, track_running_stats=True)
        )
      )
      (act): ZIFArchTan()
    )
    (9): SeqToANNContainer(
      (module): AvgPool2d(kernel_size=2, stride=2, padding=0)
    )
    (10): Layer(
      (fwd): SeqToANNContainer(
        (module): Sequential(
          (0): Conv2d(256, 512, kernel_size=(3, 3), stride=(1, 1), padding=(1, 1))
          (1): BatchNorm2d(512, eps=1e-05, momentum=0.1, affine=True, track_running_stats=True)
        )
      )
      (act): ZIFArchTan()
    )
    (11): Layer(
      (fwd): SeqToANNContainer(
        (module): Sequential(
          (0): Conv2d(512, 512, kernel_size=(3, 3), stride=(1, 1), padding=(1, 1))
          (1): BatchNorm2d(512, eps=1e-05, momentum=0.1, affine=True, track_running_stats=True)
        )
      )
      (act): ZIFArchTan()
    )
    (12): SeqToANNContainer(
      (module): AvgPool2d(kernel_size=2, stride=2, padding=0)
    )
  )
  (classifier1): SeqToANNContainer(
    (module): Linear(in_features=4608, out_features=512, bias=True)
  )
  (classifier2): SeqToANNContainer(
    (module): Linear(in_features=512, out_features=10, bias=True)
  )
  (drop): SeqToANNContainer(
    (module): Dropout(p=0.5)
  )
)
----  --------  ------------  ------------  ------------  ---------  ------------  ------------  ------------  ---------------
  ep        lr    train_loss    train_top1    train_top5    avg_vth    valid_loss    valid_top1    valid_top5    Best_Accuracy
----  --------  ------------  ------------  ------------  ---------  ------------  ------------  ------------  ---------------
   1    0.0010        1.2207       36.5111       81.4889     1.0548        1.9005       38.7000       81.9000          38.7000
----  --------  ------------  ------------  ------------  ---------  ------------  ------------  ------------  ---------------
  ep        lr    train_loss    train_top1    train_top5    avg_vth    valid_loss    valid_top1    valid_top5    Best_Accuracy
----  --------  ------------  ------------  ------------  ---------  ------------  ------------  ------------  ---------------
   1    0.0010        1.2207       36.5111       81.4889     1.0548        1.9005       38.7000       81.9000          38.7000
   2    0.0010        1.0868       51.5778       91.1667     1.0804        1.7465       47.7000       86.9000          47.7000
   2    0.0010        1.0868       51.5778       91.1667     1.0804        1.7465       47.7000       86.9000          47.7000
   3    0.0010        1.0382       58.8667       93.4778     1.1029        1.6341       55.6000       91.8000          55.6000
   3    0.0010        1.0382       58.8667       93.4778     1.1029        1.6341       55.6000       91.8000          55.6000
   4    0.0010        0.9890       65.9778       95.6444     1.1097        1.5056       62.4000       94.5000          62.4000
   4    0.0010        0.9890       65.9778       95.6444     1.1097        1.5056       62.4000       94.5000          62.4000
   5    0.0010        0.9400       71.8111       97.1778     1.1026        1.4299       65.9000       95.0000          65.9000
   5    0.0010        0.9400       71.8111       97.1778     1.1026        1.4299       65.9000       95.0000          65.9000
   6    0.0010        0.8991       76.8556       98.0778     1.0937        1.4057       67.0000       96.3000          67.0000
   6    0.0010        0.8991       76.8556       98.0778     1.0937        1.4057       67.0000       96.3000          67.0000
   7    0.0010        0.8547       82.5333       99.0333     1.0735        1.3384       68.5000       94.7000          68.5000
   7    0.0010        0.8547       82.5333       99.0333     1.0735        1.3384       68.5000       94.7000          68.5000
   8    0.0010        0.8089       88.2222       99.5556     1.0558        1.2951       72.6000       96.4000          72.6000
   8    0.0010        0.8089       88.2222       99.5556     1.0558        1.2951       72.6000       96.4000          72.6000
   9    0.0010        0.7642       93.3444       99.9000     1.0294        1.2413       74.9000       97.0000          74.9000
   9    0.0010        0.7642       93.3444       99.9000     1.0294        1.2413       74.9000       97.0000          74.9000
  10    0.0010        0.7212       97.2222       99.9778     1.0040        1.2179       74.7000       96.7000          74.9000
  10    0.0010        0.7212       97.2222       99.9778     1.0040        1.2179       74.7000       96.7000          74.9000
  11    0.0010        0.6841       99.0889      100.0000     0.9749        1.2143       74.3000       96.5000          74.9000
  11    0.0010        0.6841       99.0889      100.0000     0.9749        1.2143       74.3000       96.5000          74.9000
  12    0.0010        0.6564       99.8444      100.0000     0.9498        1.1967       75.6000       96.1000          75.6000
  12    0.0010        0.6564       99.8444      100.0000     0.9498        1.1967       75.6000       96.1000          75.6000
  13    0.0010        0.6380       99.9778      100.0000     0.9280        1.1835       75.7000       96.7000          75.7000
  13    0.0010        0.6380       99.9778      100.0000     0.9280        1.1835       75.7000       96.7000          75.7000
  14    0.0010        0.6249       99.9889      100.0000     0.9079        1.2032       77.1000       96.3000          77.1000
  14    0.0010        0.6249       99.9889      100.0000     0.9079        1.2032       77.1000       96.3000          77.1000
  15    0.0010        0.6177      100.0000      100.0000     0.8933        1.1740       76.8000       96.6000          77.1000
  15    0.0010        0.6177      100.0000      100.0000     0.8933        1.1740       76.8000       96.6000          77.1000
  16    0.0010        0.6141      100.0000      100.0000     0.8792        1.1720       76.6000       95.9000          77.1000
  16    0.0010        0.6141      100.0000      100.0000     0.8792        1.1720       76.6000       95.9000          77.1000
  17    0.0010        0.6083      100.0000      100.0000     0.8678        1.2004       78.2000       96.9000          78.2000
  17    0.0010        0.6083      100.0000      100.0000     0.8678        1.2004       78.2000       96.9000          78.2000
  18    0.0010        0.6048      100.0000      100.0000     0.8563        1.1855       76.2000       95.8000          78.2000
  18    0.0010        0.6048      100.0000      100.0000     0.8563        1.1855       76.2000       95.8000          78.2000
  19    0.0010        0.6012      100.0000      100.0000     0.8440        1.1732       77.4000       97.0000          78.2000
  19    0.0010        0.6012      100.0000      100.0000     0.8440        1.1732       77.4000       97.0000          78.2000
  20    0.0010        0.5978      100.0000      100.0000     0.8338        1.1775       75.7000       96.7000          78.2000
  20    0.0010        0.5978      100.0000      100.0000     0.8338        1.1775       75.7000       96.7000          78.2000
  21    0.0010        0.5953      100.0000      100.0000     0.8240        1.1706       76.5000       96.3000          78.2000
  21    0.0010        0.5953      100.0000      100.0000     0.8240        1.1706       76.5000       96.3000          78.2000
  22    0.0010        0.5927      100.0000      100.0000     0.8147        1.1667       76.5000       97.0000          78.2000
  22    0.0010        0.5927      100.0000      100.0000     0.8147        1.1667       76.5000       97.0000          78.2000
  23    0.0010        0.5908      100.0000      100.0000     0.8056        1.1680       76.5000       95.8000          78.2000
  23    0.0010        0.5908      100.0000      100.0000     0.8056        1.1680       76.5000       95.8000          78.2000
  24    0.0010        0.5881      100.0000      100.0000     0.7965        1.1693       77.1000       96.7000          78.2000
  24    0.0010        0.5881      100.0000      100.0000     0.7965        1.1693       77.1000       96.7000          78.2000
  25    0.0010        0.5863      100.0000      100.0000     0.7897        1.1707       77.6000       96.1000          78.2000
  25    0.0010        0.5863      100.0000      100.0000     0.7897        1.1707       77.6000       96.1000          78.2000
  26    0.0010        0.5855      100.0000      100.0000     0.7799        1.1917       76.6000       96.9000          78.2000
  26    0.0010        0.5855      100.0000      100.0000     0.7799        1.1917       76.6000       96.9000          78.2000
  27    0.0010        0.5804      100.0000      100.0000     0.7697        1.1656       77.5000       96.7000          78.2000
  27    0.0010        0.5804      100.0000      100.0000     0.7697        1.1656       77.5000       96.7000          78.2000
  28    0.0010        0.5770      100.0000      100.0000     0.7598        1.1802       77.5000       96.9000          78.2000
  28    0.0010        0.5770      100.0000      100.0000     0.7598        1.1802       77.5000       96.9000          78.2000
  29    0.0010        0.5749      100.0000      100.0000     0.7520        1.1675       77.8000       96.7000          78.2000
  29    0.0010        0.5749      100.0000      100.0000     0.7520        1.1675       77.8000       96.7000          78.2000
  30    0.0010        0.5735      100.0000      100.0000     0.7451        1.1470       76.8000       95.9000          78.2000
  30    0.0010        0.5735      100.0000      100.0000     0.7451        1.1470       76.8000       95.9000          78.2000
  31    0.0010        0.5719      100.0000      100.0000     0.7381        1.1582       77.3000       96.9000          78.2000
  31    0.0010        0.5719      100.0000      100.0000     0.7381        1.1582       77.3000       96.9000          78.2000
  32    0.0010        0.5709      100.0000      100.0000     0.7313        1.1505       76.5000       96.8000          78.2000
  32    0.0010        0.5709      100.0000      100.0000     0.7313        1.1505       76.5000       96.8000          78.2000
  33    0.0010        0.5703      100.0000      100.0000     0.7254        1.1441       77.8000       96.0000          78.2000
  33    0.0010        0.5703      100.0000      100.0000     0.7254        1.1441       77.8000       96.0000          78.2000
  34    0.0010        0.5704      100.0000      100.0000     0.7198        1.1789       75.2000       96.4000          78.2000
  34    0.0010        0.5704      100.0000      100.0000     0.7198        1.1789       75.2000       96.4000          78.2000
  35    0.0010        0.6133       98.6667       99.9556     0.7954        1.4890       58.5000       90.2000          78.2000
  35    0.0010        0.6133       98.6667       99.9556     0.7954        1.4890       58.5000       90.2000          78.2000
  36    0.0010        0.6641       97.7667       99.9000     0.7505        1.1594       75.5000       95.7000          78.2000
  36    0.0010        0.6641       97.7667       99.9000     0.7505        1.1594       75.5000       95.7000          78.2000
  37    0.0010        0.5811      100.0000      100.0000     0.7305        1.1552       77.6000       96.2000          78.2000
  37    0.0010        0.5811      100.0000      100.0000     0.7305        1.1552       77.6000       96.2000          78.2000
  38    0.0010        0.5721      100.0000      100.0000     0.7167        1.1412       78.1000       96.9000          78.2000
  38    0.0010        0.5721      100.0000      100.0000     0.7167        1.1412       78.1000       96.9000          78.2000
  39    0.0010        0.5695      100.0000      100.0000     0.7071        1.1409       77.5000       96.9000          78.2000
  39    0.0010        0.5695      100.0000      100.0000     0.7071        1.1409       77.5000       96.9000          78.2000
  40    0.0010        0.5681      100.0000      100.0000     0.6993        1.1528       77.5000       96.3000          78.2000
  40    0.0010        0.5681      100.0000      100.0000     0.6993        1.1528       77.5000       96.3000          78.2000
  41    0.0010        0.5671      100.0000      100.0000     0.6933        1.1479       77.8000       97.0000          78.2000
  41    0.0010        0.5671      100.0000      100.0000     0.6933        1.1479       77.8000       97.0000          78.2000
  42    0.0010        0.5664      100.0000      100.0000     0.6882        1.1578       77.0000       96.6000          78.2000
  42    0.0010        0.5664      100.0000      100.0000     0.6882        1.1578       77.0000       96.6000          78.2000
  43    0.0010        0.5659      100.0000      100.0000     0.6836        1.1580       77.5000       96.8000          78.2000
  43    0.0010        0.5659      100.0000      100.0000     0.6836        1.1580       77.5000       96.8000          78.2000
  44    0.0010        0.5653      100.0000      100.0000     0.6796        1.1506       77.9000       96.9000          78.2000
  44    0.0010        0.5653      100.0000      100.0000     0.6796        1.1506       77.9000       96.9000          78.2000
  45    0.0010        0.5650      100.0000      100.0000     0.6757        1.1539       78.1000       96.5000          78.2000
  45    0.0010        0.5650      100.0000      100.0000     0.6757        1.1539       78.1000       96.5000          78.2000
  46    0.0010        0.5647      100.0000      100.0000     0.6726        1.1565       76.5000       96.7000          78.2000
  46    0.0010        0.5647      100.0000      100.0000     0.6726        1.1565       76.5000       96.7000          78.2000
  47    0.0010        0.5643      100.0000      100.0000     0.6685        1.1538       79.0000       96.7000          79.0000
  47    0.0010        0.5643      100.0000      100.0000     0.6685        1.1538       79.0000       96.7000          79.0000
  48    0.0010        0.5643      100.0000      100.0000     0.6665        1.1624       77.3000       96.3000          79.0000
  48    0.0010        0.5643      100.0000      100.0000     0.6665        1.1624       77.3000       96.3000          79.0000
  49    0.0010        0.5640      100.0000      100.0000     0.6634        1.1566       77.4000       96.6000          79.0000
  49    0.0010        0.5640      100.0000      100.0000     0.6634        1.1566       77.4000       96.6000          79.0000
  50    0.0010        0.5635      100.0000      100.0000     0.6589        1.1582       77.4000       95.9000          79.0000
  50    0.0010        0.5635      100.0000      100.0000     0.6589        1.1582       77.4000       95.9000          79.0000
  51    0.0010        0.5632      100.0000      100.0000     0.6555        1.1491       77.5000       96.3000          79.0000
  51    0.0010        0.5632      100.0000      100.0000     0.6555        1.1491       77.5000       96.3000          79.0000
  52    0.0010        0.5635      100.0000      100.0000     0.6532        1.1635       77.0000       95.8000          79.0000
  52    0.0010        0.5635      100.0000      100.0000     0.6532        1.1635       77.0000       95.8000          79.0000
  53    0.0010        0.5628      100.0000      100.0000     0.6481        1.1542       77.3000       96.9000          79.0000
  53    0.0010        0.5628      100.0000      100.0000     0.6481        1.1542       77.3000       96.9000          79.0000
  54    0.0010        0.5622      100.0000      100.0000     0.6440        1.1480       77.9000       96.6000          79.0000
  54    0.0010        0.5622      100.0000      100.0000     0.6440        1.1480       77.9000       96.6000          79.0000
  55    0.0010        0.5621      100.0000      100.0000     0.6406        1.1652       77.1000       96.3000          79.0000
  55    0.0010        0.5621      100.0000      100.0000     0.6406        1.1652       77.1000       96.3000          79.0000
  56    0.0010        0.5621      100.0000      100.0000     0.6377        1.1615       77.2000       96.2000          79.0000
  56    0.0010        0.5621      100.0000      100.0000     0.6377        1.1615       77.2000       96.2000          79.0000
  57    0.0010        0.5620      100.0000      100.0000     0.6354        1.1649       77.6000       96.4000          79.0000
  57    0.0010        0.5620      100.0000      100.0000     0.6354        1.1649       77.6000       96.4000          79.0000
  58    0.0010        0.5620      100.0000      100.0000     0.6304        1.1567       77.9000       96.3000          79.0000
  58    0.0010        0.5620      100.0000      100.0000     0.6304        1.1567       77.9000       96.3000          79.0000
  59    0.0010        0.5614      100.0000      100.0000     0.6273        1.1630       77.2000       96.1000          79.0000
  59    0.0010        0.5614      100.0000      100.0000     0.6273        1.1630       77.2000       96.1000          79.0000
  60    0.0010        0.5611      100.0000      100.0000     0.6233        1.1640       76.7000       96.5000          79.0000
  60    0.0010        0.5611      100.0000      100.0000     0.6233        1.1640       76.7000       96.5000          79.0000
  61    0.0010        0.5610      100.0000      100.0000     0.6208        1.1545       77.4000       96.8000          79.0000
  61    0.0010        0.5610      100.0000      100.0000     0.6208        1.1545       77.4000       96.8000          79.0000
  62    0.0010        0.5606      100.0000      100.0000     0.6174        1.1587       77.2000       96.1000          79.0000
  62    0.0010        0.5606      100.0000      100.0000     0.6174        1.1587       77.2000       96.1000          79.0000
  63    0.0010        0.5605      100.0000      100.0000     0.6153        1.1734       76.4000       96.6000          79.0000
  63    0.0010        0.5605      100.0000      100.0000     0.6153        1.1734       76.4000       96.6000          79.0000
  64    0.0010        0.5606      100.0000      100.0000     0.6151        1.1737       76.2000       95.8000          79.0000
  64    0.0010        0.5606      100.0000      100.0000     0.6151        1.1737       76.2000       95.8000          79.0000
  65    0.0010        0.5615      100.0000      100.0000     0.6184        1.1741       76.1000       96.0000          79.0000
  65    0.0010        0.5615      100.0000      100.0000     0.6184        1.1741       76.1000       96.0000          79.0000
  66    0.0010        0.6041       99.4444      100.0000     0.6571        1.2016       73.2000       94.0000          79.0000
  66    0.0010        0.6041       99.4444      100.0000     0.6571        1.2016       73.2000       94.0000          79.0000
  67    0.0010        0.5763       99.9667      100.0000     0.6282        1.1384       77.9000       95.8000          79.0000
  67    0.0010        0.5763       99.9667      100.0000     0.6282        1.1384       77.9000       95.8000          79.0000
  68    0.0010        0.5641      100.0000      100.0000     0.6203        1.1359       78.2000       96.9000          79.0000
  68    0.0010        0.5641      100.0000      100.0000     0.6203        1.1359       78.2000       96.9000          79.0000
  69    0.0010        0.5627      100.0000      100.0000     0.6153        1.1433       77.8000       97.0000          79.0000
  69    0.0010        0.5627      100.0000      100.0000     0.6153        1.1433       77.8000       97.0000          79.0000
  70    0.0010        0.5621      100.0000      100.0000     0.6118        1.1505       78.2000       96.7000          79.0000
  70    0.0010        0.5621      100.0000      100.0000     0.6118        1.1505       78.2000       96.7000          79.0000
  71    0.0010        0.5618      100.0000      100.0000     0.6094        1.1479       78.0000       96.2000          79.0000
  71    0.0010        0.5618      100.0000      100.0000     0.6094        1.1479       78.0000       96.2000          79.0000
  72    0.0010        0.5617      100.0000      100.0000     0.6074        1.1470       78.2000       96.9000          79.0000
  72    0.0010        0.5617      100.0000      100.0000     0.6074        1.1470       78.2000       96.9000          79.0000
  73    0.0010        0.5615      100.0000      100.0000     0.6060        1.1503       77.8000       96.6000          79.0000
  73    0.0010        0.5615      100.0000      100.0000     0.6060        1.1503       77.8000       96.6000          79.0000
  74    0.0010        0.5615      100.0000      100.0000     0.6047        1.1601       77.2000       96.6000          79.0000
  74    0.0010        0.5615      100.0000      100.0000     0.6047        1.1601       77.2000       96.6000          79.0000
  75    0.0010        0.5614      100.0000      100.0000     0.6037        1.1481       78.3000       96.0000          79.0000
  75    0.0010        0.5614      100.0000      100.0000     0.6037        1.1481       78.3000       96.0000          79.0000
  76    0.0010        0.5616      100.0000      100.0000     0.6028        1.1475       77.7000       96.3000          79.0000
  76    0.0010        0.5616      100.0000      100.0000     0.6028        1.1475       77.7000       96.3000          79.0000
  77    0.0010        0.5613      100.0000      100.0000     0.6021        1.1556       78.2000       96.4000          79.0000
  77    0.0010        0.5613      100.0000      100.0000     0.6021        1.1556       78.2000       96.4000          79.0000
  78    0.0010        0.5614      100.0000      100.0000     0.6015        1.1590       77.4000       96.2000          79.0000
  78    0.0010        0.5614      100.0000      100.0000     0.6015        1.1590       77.4000       96.2000          79.0000
  79    0.0010        0.5613      100.0000      100.0000     0.6009        1.1525       77.5000       96.1000          79.0000
  79    0.0010        0.5613      100.0000      100.0000     0.6009        1.1525       77.5000       96.1000          79.0000
  80    0.0010        0.5611      100.0000      100.0000     0.6005        1.1542       77.4000       96.5000          79.0000
  80    0.0010        0.5611      100.0000      100.0000     0.6005        1.1542       77.4000       96.5000          79.0000
  81    0.0008        0.5609      100.0000      100.0000     0.6003        1.1614       77.9000       95.7000          79.0000
  81    0.0008        0.5609      100.0000      100.0000     0.6003        1.1614       77.9000       95.7000          79.0000
  82    0.0008        0.5610      100.0000      100.0000     0.6003        1.1522       77.8000       96.6000          79.0000
  82    0.0008        0.5610      100.0000      100.0000     0.6003        1.1522       77.8000       96.6000          79.0000
  83    0.0008        0.5609      100.0000      100.0000     0.6002        1.1530       78.1000       97.0000          79.0000
  83    0.0008        0.5609      100.0000      100.0000     0.6002        1.1530       78.1000       97.0000          79.0000
  84    0.0008        0.5611      100.0000      100.0000     0.6002        1.1618       77.6000       96.5000          79.0000
  84    0.0008        0.5611      100.0000      100.0000     0.6002        1.1618       77.6000       96.5000          79.0000
  85    0.0008        0.5609      100.0000      100.0000     0.6002        1.1512       77.9000       96.8000          79.0000
  85    0.0008        0.5609      100.0000      100.0000     0.6002        1.1512       77.9000       96.8000          79.0000
  86    0.0008        0.5609      100.0000      100.0000     0.6002        1.1572       77.5000       96.4000          79.0000
  86    0.0008        0.5609      100.0000      100.0000     0.6002        1.1572       77.5000       96.4000          79.0000
  87    0.0008        0.5610      100.0000      100.0000     0.6002        1.1543       77.9000       96.3000          79.0000
  87    0.0008        0.5610      100.0000      100.0000     0.6002        1.1543       77.9000       96.3000          79.0000
  88    0.0008        0.5609      100.0000      100.0000     0.6002        1.1545       76.9000       96.6000          79.0000
  88    0.0008        0.5609      100.0000      100.0000     0.6002        1.1545       76.9000       96.6000          79.0000
  89    0.0008        0.5610      100.0000      100.0000     0.6002        1.1475       78.4000       96.7000          79.0000
  89    0.0008        0.5610      100.0000      100.0000     0.6002        1.1475       78.4000       96.7000          79.0000
  90    0.0008        0.5610      100.0000      100.0000     0.6002        1.1538       78.1000       96.6000          79.0000
  90    0.0008        0.5610      100.0000      100.0000     0.6002        1.1538       78.1000       96.6000          79.0000
  91    0.0008        0.5610      100.0000      100.0000     0.6002        1.1525       78.0000       96.3000          79.0000
  91    0.0008        0.5610      100.0000      100.0000     0.6002        1.1525       78.0000       96.3000          79.0000
  92    0.0008        0.5610      100.0000      100.0000     0.6002        1.1563       77.4000       96.3000          79.0000
  92    0.0008        0.5610      100.0000      100.0000     0.6002        1.1563       77.4000       96.3000          79.0000
  93    0.0008        0.5609      100.0000      100.0000     0.6002        1.1608       77.5000       96.2000          79.0000
  93    0.0008        0.5609      100.0000      100.0000     0.6002        1.1608       77.5000       96.2000          79.0000
  94    0.0008        0.5609      100.0000      100.0000     0.6002        1.1456       78.5000       96.5000          79.0000
  94    0.0008        0.5609      100.0000      100.0000     0.6002        1.1456       78.5000       96.5000          79.0000
  95    0.0008        0.5609      100.0000      100.0000     0.6002        1.1543       78.1000       96.1000          79.0000
  95    0.0008        0.5609      100.0000      100.0000     0.6002        1.1543       78.1000       96.1000          79.0000
  96    0.0008        0.5610      100.0000      100.0000     0.6002        1.1528       77.4000       96.9000          79.0000
  96    0.0008        0.5610      100.0000      100.0000     0.6002        1.1528       77.4000       96.9000          79.0000
  97    0.0008        0.5610      100.0000      100.0000     0.6002        1.1559       78.2000       96.6000          79.0000
  97    0.0008        0.5610      100.0000      100.0000     0.6002        1.1559       78.2000       96.6000          79.0000
  98    0.0008        0.5609      100.0000      100.0000     0.6002        1.1611       77.4000       96.4000          79.0000
  98    0.0008        0.5609      100.0000      100.0000     0.6002        1.1611       77.4000       96.4000          79.0000
  99    0.0008        0.5610      100.0000      100.0000     0.6002        1.1448       77.4000       96.5000          79.0000
  99    0.0008        0.5610      100.0000      100.0000     0.6002        1.1448       77.4000       96.5000          79.0000
 100    0.0008        0.5610      100.0000      100.0000     0.6002        1.1565       77.5000       97.1000          79.0000
 100    0.0008        0.5610      100.0000      100.0000     0.6002        1.1565       77.5000       97.1000          79.0000
 101    0.0008        0.5609      100.0000      100.0000     0.6002        1.1478       78.4000       96.8000          79.0000
 101    0.0008        0.5609      100.0000      100.0000     0.6002        1.1478       78.4000       96.8000          79.0000
 102    0.0008        0.5609      100.0000      100.0000     0.6002        1.1480       78.2000       96.4000          79.0000
 102    0.0008        0.5609      100.0000      100.0000     0.6002        1.1480       78.2000       96.4000          79.0000
 103    0.0008        0.5610      100.0000      100.0000     0.6002        1.1536       77.7000       96.9000          79.0000
 103    0.0008        0.5610      100.0000      100.0000     0.6002        1.1536       77.7000       96.9000          79.0000
 104    0.0008        0.5610      100.0000      100.0000     0.6002        1.1472       77.7000       96.5000          79.0000
 104    0.0008        0.5610      100.0000      100.0000     0.6002        1.1472       77.7000       96.5000          79.0000
 105    0.0008        0.5609      100.0000      100.0000     0.6002        1.1562       77.9000       96.3000          79.0000
 105    0.0008        0.5609      100.0000      100.0000     0.6002        1.1562       77.9000       96.3000          79.0000
 106    0.0008        0.5609      100.0000      100.0000     0.6002        1.1580       77.5000       96.5000          79.0000
 106    0.0008        0.5609      100.0000      100.0000     0.6002        1.1580       77.5000       96.5000          79.0000
 107    0.0008        0.5610      100.0000      100.0000     0.6002        1.1437       77.9000       96.2000          79.0000
 107    0.0008        0.5610      100.0000      100.0000     0.6002        1.1437       77.9000       96.2000          79.0000
 108    0.0008        0.5609      100.0000      100.0000     0.6002        1.1519       77.8000       96.5000          79.0000
 108    0.0008        0.5609      100.0000      100.0000     0.6002        1.1519       77.8000       96.5000          79.0000
 109    0.0008        0.5610      100.0000      100.0000     0.6002        1.1465       77.8000       97.1000          79.0000
 109    0.0008        0.5610      100.0000      100.0000     0.6002        1.1465       77.8000       97.1000          79.0000
 110    0.0008        0.5610      100.0000      100.0000     0.6002        1.1521       77.5000       96.9000          79.0000
 110    0.0008        0.5610      100.0000      100.0000     0.6002        1.1521       77.5000       96.9000          79.0000
 111    0.0008        0.5608      100.0000      100.0000     0.6002        1.1441       77.7000       96.6000          79.0000
 111    0.0008        0.5608      100.0000      100.0000     0.6002        1.1441       77.7000       96.6000          79.0000
 112    0.0008        0.5610      100.0000      100.0000     0.6002        1.1567       77.5000       95.9000          79.0000
 112    0.0008        0.5610      100.0000      100.0000     0.6002        1.1567       77.5000       95.9000          79.0000
 113    0.0008        0.5609      100.0000      100.0000     0.6002        1.1485       78.0000       96.7000          79.0000
 113    0.0008        0.5609      100.0000      100.0000     0.6002        1.1485       78.0000       96.7000          79.0000
 114    0.0008        0.5609      100.0000      100.0000     0.6001        1.1504       78.0000       96.7000          79.0000
 114    0.0008        0.5609      100.0000      100.0000     0.6001        1.1504       78.0000       96.7000          79.0000
 115    0.0008        1.1309       47.0444       85.9111     0.4731        2.1653       23.1000       67.5000          79.0000
 115    0.0008        1.1309       47.0444       85.9111     0.4731        2.1653       23.1000       67.5000          79.0000
 116    0.0008        1.3693       19.9000       67.9222     0.4639        2.2629       15.9000       66.2000          79.0000
 116    0.0008        1.3693       19.9000       67.9222     0.4639        2.2629       15.9000       66.2000          79.0000
 117    0.0008        1.3894       16.9222       63.0667     0.4848        2.2635       16.9000       61.9000          79.0000
 117    0.0008        1.3894       16.9222       63.0667     0.4848        2.2635       16.9000       61.9000          79.0000
 118    0.0008        1.3521       14.3333       59.2778     0.4901        2.2989       12.1000       57.4000          79.0000
 118    0.0008        1.3521       14.3333       59.2778     0.4901        2.2989       12.1000       57.4000          79.0000
 119    0.0008        1.3257       14.9889       60.2889     0.4897        2.3177       11.4000       54.3000          79.0000
 119    0.0008        1.3257       14.9889       60.2889     0.4897        2.3177       11.4000       54.3000          79.0000
 120    0.0008        1.3145       13.2444       56.5333     0.4878        2.2801       13.0000       61.5000          79.0000
 120    0.0008        1.3145       13.2444       56.5333     0.4878        2.2801       13.0000       61.5000          79.0000
 121    0.0008        1.3206       12.4000       54.4444     0.4839        2.3224       13.1000       52.9000          79.0000
 121    0.0008        1.3206       12.4000       54.4444     0.4839        2.3224       13.1000       52.9000          79.0000
 122    0.0008        1.3156       11.7000       53.9889     0.4783        2.2948       13.3000       54.8000          79.0000
 122    0.0008        1.3156       11.7000       53.9889     0.4783        2.2948       13.3000       54.8000          79.0000
 123    0.0008        1.3194       11.4333       52.9556     0.4721        2.3261       10.9000       53.6000          79.0000
 123    0.0008        1.3194       11.4333       52.9556     0.4721        2.3261       10.9000       53.6000          79.0000
 124    0.0008        1.3242       11.5111       52.9889     0.4631        2.3426       10.6000       49.3000          79.0000
 124    0.0008        1.3242       11.5111       52.9889     0.4631        2.3426       10.6000       49.3000          79.0000
 125    0.0008        1.3234       10.4333       52.3889     0.4591        2.3666       10.1000       50.7000          79.0000
 125    0.0008        1.3234       10.4333       52.3889     0.4591        2.3666       10.1000       50.7000          79.0000
 126    0.0008        1.3233       10.7000       52.0111     0.4562        2.3296       11.6000       51.8000          79.0000
 126    0.0008        1.3233       10.7000       52.0111     0.4562        2.3296       11.6000       51.8000          79.0000
 127    0.0008        1.3283       11.4000       52.4778     0.4500        2.3545       10.6000       51.7000          79.0000
 127    0.0008        1.3283       11.4000       52.4778     0.4500        2.3545       10.6000       51.7000          79.0000
 128    0.0008        1.3179       10.4000       50.5000     0.4481        2.2944       12.6000       55.4000          79.0000
 128    0.0008        1.3179       10.4000       50.5000     0.4481        2.2944       12.6000       55.4000          79.0000
 129    0.0008        1.3173       10.9889       51.5778     0.4443        2.3238       11.8000       52.7000          79.0000
 129    0.0008        1.3173       10.9889       51.5778     0.4443        2.3238       11.8000       52.7000          79.0000
 130    0.0008        1.3203       10.9333       51.6778     0.4386        2.3166       13.2000       52.3000          79.0000
 130    0.0008        1.3203       10.9333       51.6778     0.4386        2.3166       13.2000       52.3000          79.0000
 131    0.0008        1.3156       10.3444       50.8667     0.4378        2.3302       10.8000       51.4000          79.0000
 131    0.0008        1.3156       10.3444       50.8667     0.4378        2.3302       10.8000       51.4000          79.0000
 132    0.0008        1.3153       11.1222       51.4667     0.4343        2.3315       10.6000       51.8000          79.0000
 132    0.0008        1.3153       11.1222       51.4667     0.4343        2.3315       10.6000       51.8000          79.0000
 133    0.0008        1.3186       10.7333       51.1444     0.4277        2.3054       11.1000       51.4000          79.0000
 133    0.0008        1.3186       10.7333       51.1444     0.4277        2.3054       11.1000       51.4000          79.0000
 134    0.0008        1.3143       10.7333       51.8000     0.4232        2.3406        9.9000       50.9000          79.0000
 134    0.0008        1.3143       10.7333       51.8000     0.4232        2.3406        9.9000       50.9000          79.0000
 135    0.0008        1.3180       10.6667       50.6556     0.4155        2.3079       11.4000       52.5000          79.0000
 135    0.0008        1.3180       10.6667       50.6556     0.4155        2.3079       11.4000       52.5000          79.0000
 136    0.0008        1.3085       10.4222       50.8111     0.4134        2.3539       10.1000       49.1000          79.0000
 136    0.0008        1.3085       10.4222       50.8111     0.4134        2.3539       10.1000       49.1000          79.0000
 137    0.0008        1.3100       10.6667       51.2111     0.4107        2.3272        9.6000       50.5000          79.0000
 137    0.0008        1.3100       10.6667       51.2111     0.4107        2.3272        9.6000       50.5000          79.0000
 138    0.0008        1.3132       10.0556       50.3333     0.4026        2.3168       11.6000       51.4000          79.0000
 138    0.0008        1.3132       10.0556       50.3333     0.4026        2.3168       11.6000       51.4000          79.0000
 139    0.0008        1.3075       10.2333       50.4444     0.3989        2.3264       10.6000       50.9000          79.0000
 139    0.0008        1.3075       10.2333       50.4444     0.3989        2.3264       10.6000       50.9000          79.0000
 140    0.0008        1.3197        9.7778       50.4111     0.3897        2.3453        8.6000       49.3000          79.0000
 140    0.0008        1.3197        9.7778       50.4111     0.3897        2.3453        8.6000       49.3000          79.0000
 141    0.0008        1.3027        9.8333       49.9778     0.3864        2.3458        9.7000       49.3000          79.0000
 141    0.0008        1.3027        9.8333       49.9778     0.3864        2.3458        9.7000       49.3000          79.0000
 142    0.0008        1.3169        9.8556       51.3222     0.3821        2.3222       10.1000       50.4000          79.0000
 142    0.0008        1.3169        9.8556       51.3222     0.3821        2.3222       10.1000       50.4000          79.0000
 143    0.0008        1.3088       10.7556       50.1222     0.3800        2.3057        9.8000       51.5000          79.0000
 143    0.0008        1.3088       10.7556       50.1222     0.3800        2.3057        9.8000       51.5000          79.0000
 144    0.0008        1.3073       10.1556       50.1000     0.3777        2.3212        9.5000       47.7000          79.0000
 144    0.0008        1.3073       10.1556       50.1000     0.3777        2.3212        9.5000       47.7000          79.0000
