Namespace(workers=10, epochs=500, start_epoch=0, batch_size=64, lr=0.001, print_freq=10, evaluate=False, seed=1000, T=2, means=1.0, TET=True, lamb=0.001, dataset='dvscifar10', nprocs=2)
VGGSNN(
  (features): Sequential(
    (0): Layer(
      (fwd): SeqToANNContainer(
        (module): Sequential(
          (0): Conv2d(3, 32, kernel_size=(3, 3), stride=(1, 1), padding=(1, 1))
          (1): BatchNorm2d(32, eps=1e-05, momentum=0.1, affine=True, track_running_stats=True)
        )
      )
      (act): ZIFArchTan()
    )
    (1): Layer(
      (fwd): SeqToANNContainer(
        (module): Sequential(
          (0): Conv2d(32, 64, kernel_size=(3, 3), stride=(1, 1), padding=(1, 1))
          (1): BatchNorm2d(64, eps=1e-05, momentum=0.1, affine=True, track_running_stats=True)
        )
      )
      (act): ZIFArchTan()
    )
    (2): SeqToANNContainer(
      (module): MaxPool2d(kernel_size=2, stride=2, padding=0, dilation=1, ceil_mode=False)
    )
    (3): Layer(
      (fwd): SeqToANNContainer(
        (module): Sequential(
          (0): Conv2d(64, 64, kernel_size=(3, 3), stride=(1, 1), padding=(1, 1))
          (1): BatchNorm2d(64, eps=1e-05, momentum=0.1, affine=True, track_running_stats=True)
        )
      )
      (act): ZIFArchTan()
    )
    (4): SeqToANNContainer(
      (module): MaxPool2d(kernel_size=2, stride=2, padding=0, dilation=1, ceil_mode=False)
    )
    (5): Layer(
      (fwd): SeqToANNContainer(
        (module): Sequential(
          (0): Conv2d(64, 128, kernel_size=(3, 3), stride=(1, 1), padding=(1, 1))
          (1): BatchNorm2d(128, eps=1e-05, momentum=0.1, affine=True, track_running_stats=True)
        )
      )
      (act): ZIFArchTan()
    )
    (6): SeqToANNContainer(
      (module): MaxPool2d(kernel_size=2, stride=2, padding=0, dilation=1, ceil_mode=False)
    )
    (7): Layer(
      (fwd): SeqToANNContainer(
        (module): Sequential(
          (0): Conv2d(128, 128, kernel_size=(3, 3), stride=(1, 1), padding=(1, 1))
          (1): BatchNorm2d(128, eps=1e-05, momentum=0.1, affine=True, track_running_stats=True)
        )
      )
      (act): ZIFArchTan()
    )
    (8): SeqToANNContainer(
      (module): MaxPool2d(kernel_size=2, stride=2, padding=0, dilation=1, ceil_mode=False)
    )
    (9): Layer(
      (fwd): SeqToANNContainer(
        (module): Sequential(
          (0): Conv2d(128, 256, kernel_size=(3, 3), stride=(1, 1), padding=(1, 1))
          (1): BatchNorm2d(256, eps=1e-05, momentum=0.1, affine=True, track_running_stats=True)
        )
      )
      (act): ZIFArchTan()
    )
  )
  (classifier1): SeqToANNContainer(
    (module): Linear(in_features=2304, out_features=256, bias=True)
  )
  (classifier2): SeqToANNContainer(
    (module): Linear(in_features=256, out_features=10, bias=True)
  )
  (drop): SeqToANNContainer(
    (module): Dropout(p=0.5, inplace=False)
  )
)
VGGSNN(
  (features): Sequential(
    (0): Layer(
      (fwd): SeqToANNContainer(
        (module): Sequential(
          (0): Conv2d(3, 32, kernel_size=(3, 3), stride=(1, 1), padding=(1, 1))
          (1): BatchNorm2d(32, eps=1e-05, momentum=0.1, affine=True, track_running_stats=True)
        )
      )
      (act): ZIFArchTan()
    )
    (1): Layer(
      (fwd): SeqToANNContainer(
        (module): Sequential(
          (0): Conv2d(32, 64, kernel_size=(3, 3), stride=(1, 1), padding=(1, 1))
          (1): BatchNorm2d(64, eps=1e-05, momentum=0.1, affine=True, track_running_stats=True)
        )
      )
      (act): ZIFArchTan()
    )
    (2): SeqToANNContainer(
      (module): MaxPool2d(kernel_size=2, stride=2, padding=0, dilation=1, ceil_mode=False)
    )
    (3): Layer(
      (fwd): SeqToANNContainer(
        (module): Sequential(
          (0): Conv2d(64, 64, kernel_size=(3, 3), stride=(1, 1), padding=(1, 1))
          (1): BatchNorm2d(64, eps=1e-05, momentum=0.1, affine=True, track_running_stats=True)
        )
      )
      (act): ZIFArchTan()
    )
    (4): SeqToANNContainer(
      (module): MaxPool2d(kernel_size=2, stride=2, padding=0, dilation=1, ceil_mode=False)
    )
    (5): Layer(
      (fwd): SeqToANNContainer(
        (module): Sequential(
          (0): Conv2d(64, 128, kernel_size=(3, 3), stride=(1, 1), padding=(1, 1))
          (1): BatchNorm2d(128, eps=1e-05, momentum=0.1, affine=True, track_running_stats=True)
        )
      )
      (act): ZIFArchTan()
    )
    (6): SeqToANNContainer(
      (module): MaxPool2d(kernel_size=2, stride=2, padding=0, dilation=1, ceil_mode=False)
    )
    (7): Layer(
      (fwd): SeqToANNContainer(
        (module): Sequential(
          (0): Conv2d(128, 128, kernel_size=(3, 3), stride=(1, 1), padding=(1, 1))
          (1): BatchNorm2d(128, eps=1e-05, momentum=0.1, affine=True, track_running_stats=True)
        )
      )
      (act): ZIFArchTan()
    )
    (8): SeqToANNContainer(
      (module): MaxPool2d(kernel_size=2, stride=2, padding=0, dilation=1, ceil_mode=False)
    )
    (9): Layer(
      (fwd): SeqToANNContainer(
        (module): Sequential(
          (0): Conv2d(128, 256, kernel_size=(3, 3), stride=(1, 1), padding=(1, 1))
          (1): BatchNorm2d(256, eps=1e-05, momentum=0.1, affine=True, track_running_stats=True)
        )
      )
      (act): ZIFArchTan()
    )
  )
  (classifier1): SeqToANNContainer(
    (module): Linear(in_features=2304, out_features=256, bias=True)
  )
  (classifier2): SeqToANNContainer(
    (module): Linear(in_features=256, out_features=10, bias=True)
  )
  (drop): SeqToANNContainer(
    (module): Dropout(p=0.5, inplace=False)
  )
)
----  --------  ------------  ------------  ------------  ---------  ------------  ------------  ------------  ---------------
  ep        lr    train_loss    train_top1    train_top5    avg_vth    valid_loss    valid_top1    valid_top5    Best_Accuracy
----  --------  ------------  ------------  ------------  ---------  ------------  ------------  ------------  ---------------
   1    0.0010        1.8560       37.6112       84.9867     1.1040        1.6614       40.6250       86.3911          40.6250
----  --------  ------------  ------------  ------------  ---------  ------------  ------------  ------------  ---------------
  ep        lr    train_loss    train_top1    train_top5    avg_vth    valid_loss    valid_top1    valid_top5    Best_Accuracy
----  --------  ------------  ------------  ------------  ---------  ------------  ------------  ------------  ---------------
   1    0.0010        1.8560       37.6112       84.9867     1.1040        1.6614       40.6250       86.3911          40.6250
   2    0.0010        1.5420       50.7896       92.4266     1.1641        1.2844       54.5363       92.7419          54.5363
   2    0.0010        1.5420       50.7896       92.4266     1.1641        1.2844       54.5363       92.7419          54.5363
   3    0.0010        1.3352       59.3972       95.8852     1.1859        1.2477       56.9556       93.3468          56.9556
   3    0.0010        1.3352       59.3972       95.8852     1.1859        1.2477       56.9556       93.3468          56.9556
   4    0.0010        1.1811       66.0587       97.1530     1.1862        1.0789       63.2056       94.2540          63.2056
   4    0.0010        1.1811       66.0587       97.1530     1.1862        1.0789       63.2056       94.2540          63.2056
   5    0.0010        1.0486       71.5191       98.1317     1.1755        1.0080       64.7177       95.8669          64.7177
   5    0.0010        1.0486       71.5191       98.1317     1.1755        1.0080       64.7177       95.8669          64.7177
   6    0.0010        0.9264       77.2242       98.8879     1.1532        0.9443       66.3306       96.4718          66.3306
   6    0.0010        0.9264       77.2242       98.8879     1.1532        0.9443       66.3306       96.4718          66.3306
   7    0.0010        0.8278       81.1499       99.1770     1.1267        0.9746       65.9274       96.6734          66.3306
   7    0.0010        0.8278       81.1499       99.1770     1.1267        0.9746       65.9274       96.6734          66.3306
   8    0.0010        0.7361       84.9533       99.7109     1.1007        0.9204       69.2540       95.3629          69.2540
   8    0.0010        0.7361       84.9533       99.7109     1.1007        0.9204       69.2540       95.3629          69.2540
   9    0.0010        0.6331       89.4684       99.8554     1.0701        0.9193       68.6492       96.6734          69.2540
   9    0.0010        0.6331       89.4684       99.8554     1.0701        0.9193       68.6492       96.6734          69.2540
  10    0.0010        0.5447       92.5378       99.9666     1.0350        0.9147       70.9677       96.2702          70.9677
  10    0.0010        0.5447       92.5378       99.9666     1.0350        0.9147       70.9677       96.2702          70.9677
  11    0.0010        0.4560       95.5516      100.0000     1.0008        0.9245       70.9677       96.8750          70.9677
  11    0.0010        0.4560       95.5516      100.0000     1.0008        0.9245       70.9677       96.8750          70.9677
  12    0.0010        0.3849       97.7869      100.0000     0.9678        0.9618       69.7581       96.3710          70.9677
  12    0.0010        0.3849       97.7869      100.0000     0.9678        0.9618       69.7581       96.3710          70.9677
  13    0.0010        0.3254       98.9101      100.0000     0.9358        1.0173       69.7581       96.2702          70.9677
  13    0.0010        0.3254       98.9101      100.0000     0.9358        1.0173       69.7581       96.2702          70.9677
  14    0.0010        0.2762       99.3439      100.0000     0.9114        1.0406       70.9677       95.9677          70.9677
  14    0.0010        0.2762       99.3439      100.0000     0.9114        1.0406       70.9677       95.9677          70.9677
  15    0.0010        0.2321       99.8443      100.0000     0.8863        1.0037       71.0685       96.8750          71.0685
  15    0.0010        0.2321       99.8443      100.0000     0.8863        1.0037       71.0685       96.8750          71.0685
  16    0.0010        0.2112       99.8999      100.0000     0.8663        1.0021       72.9839       96.8750          72.9839
  16    0.0010        0.2112       99.8999      100.0000     0.8663        1.0021       72.9839       96.8750          72.9839
  17    0.0010        0.1924       99.9555      100.0000     0.8519        0.9943       73.1855       95.8669          73.1855
  17    0.0010        0.1924       99.9555      100.0000     0.8519        0.9943       73.1855       95.8669          73.1855
  18    0.0010        0.1697       99.9889      100.0000     0.8350        0.9976       72.6815       96.6734          73.1855
  18    0.0010        0.1697       99.9889      100.0000     0.8350        0.9976       72.6815       96.6734          73.1855
  19    0.0010        0.1584      100.0000      100.0000     0.8212        1.0394       72.2782       96.9758          73.1855
  19    0.0010        0.1584      100.0000      100.0000     0.8212        1.0394       72.2782       96.9758          73.1855
  20    0.0010        0.1508       99.9889      100.0000     0.8093        1.0273       72.6815       96.0685          73.1855
  20    0.0010        0.1508       99.9889      100.0000     0.8093        1.0273       72.6815       96.0685          73.1855
  21    0.0010        0.1407      100.0000      100.0000     0.7976        1.0082       72.4798       96.8750          73.1855
  21    0.0010        0.1407      100.0000      100.0000     0.7976        1.0082       72.4798       96.8750          73.1855
  22    0.0010        0.1325      100.0000      100.0000     0.7868        1.0331       73.3871       96.6734          73.3871
  22    0.0010        0.1325      100.0000      100.0000     0.7868        1.0331       73.3871       96.6734          73.3871
  23    0.0010        0.1263      100.0000      100.0000     0.7777        1.0550       71.6734       96.0685          73.3871
  23    0.0010        0.1263      100.0000      100.0000     0.7777        1.0550       71.6734       96.0685          73.3871
  24    0.0010        0.1193      100.0000      100.0000     0.7687        0.9927       73.9919       96.6734          73.9919
  24    0.0010        0.1193      100.0000      100.0000     0.7687        0.9927       73.9919       96.6734          73.9919
  25    0.0010        0.1155      100.0000      100.0000     0.7612        1.0265       73.4879       95.7661          73.9919
  25    0.0010        0.1155      100.0000      100.0000     0.7612        1.0265       73.4879       95.7661          73.9919
  26    0.0010        0.1144      100.0000      100.0000     0.7530        1.0338       71.7742       96.3710          73.9919
  26    0.0010        0.1144      100.0000      100.0000     0.7530        1.0338       71.7742       96.3710          73.9919
  27    0.0010        0.1072      100.0000      100.0000     0.7478        1.0458       71.4718       96.5726          73.9919
  27    0.0010        0.1072      100.0000      100.0000     0.7478        1.0458       71.4718       96.5726          73.9919
  28    0.0010        0.1034      100.0000      100.0000     0.7412        1.0487       73.6895       95.4637          73.9919
  28    0.0010        0.1034      100.0000      100.0000     0.7412        1.0487       73.6895       95.4637          73.9919
  29    0.0010        0.1024      100.0000      100.0000     0.7356        1.0294       72.7823       96.1694          73.9919
  29    0.0010        0.1024      100.0000      100.0000     0.7356        1.0294       72.7823       96.1694          73.9919
  30    0.0010        0.0979      100.0000      100.0000     0.7312        1.0277       73.0847       96.8750          73.9919
  30    0.0010        0.0979      100.0000      100.0000     0.7312        1.0277       73.0847       96.8750          73.9919
  31    0.0010        0.0983      100.0000      100.0000     0.7263        1.0415       72.7823       96.2702          73.9919
  31    0.0010        0.0983      100.0000      100.0000     0.7263        1.0415       72.7823       96.2702          73.9919
  32    0.0010        0.0927      100.0000      100.0000     0.7222        1.0411       72.5806       96.2702          73.9919
  32    0.0010        0.0927      100.0000      100.0000     0.7222        1.0411       72.5806       96.2702          73.9919
  33    0.0010        0.0917      100.0000      100.0000     0.7185        1.0636       73.0847       96.1694          73.9919
  33    0.0010        0.0917      100.0000      100.0000     0.7185        1.0636       73.0847       96.1694          73.9919
  34    0.0010        0.0879      100.0000      100.0000     0.7154        1.0250       73.5887       96.5726          73.9919
  34    0.0010        0.0879      100.0000      100.0000     0.7154        1.0250       73.5887       96.5726          73.9919
  35    0.0010        0.0839      100.0000      100.0000     0.7124        1.0378       73.5887       95.6653          73.9919
  35    0.0010        0.0839      100.0000      100.0000     0.7124        1.0378       73.5887       95.6653          73.9919
  36    0.0010        0.0837      100.0000      100.0000     0.7107        1.0104       73.6895       96.2702          73.9919
  36    0.0010        0.0837      100.0000      100.0000     0.7107        1.0104       73.6895       96.2702          73.9919
  37    0.0010        0.0812      100.0000      100.0000     0.7093        1.0206       73.1855       95.9677          73.9919
  37    0.0010        0.0812      100.0000      100.0000     0.7093        1.0206       73.1855       95.9677          73.9919
  38    0.0010        0.0806      100.0000      100.0000     0.7086        1.0227       73.3871       96.0685          73.9919
  38    0.0010        0.0806      100.0000      100.0000     0.7086        1.0227       73.3871       96.0685          73.9919
  39    0.0010        0.0803      100.0000      100.0000     0.7080        1.0448       73.0847       95.8669          73.9919
  39    0.0010        0.0803      100.0000      100.0000     0.7080        1.0448       73.0847       95.8669          73.9919
  40    0.0010        0.0798      100.0000      100.0000     0.7076        1.0365       72.9839       95.7661          73.9919
  40    0.0010        0.0798      100.0000      100.0000     0.7076        1.0365       72.9839       95.7661          73.9919
  41    0.0010        0.0809      100.0000      100.0000     0.7074        1.0314       73.0847       96.1694          73.9919
  41    0.0010        0.0809      100.0000      100.0000     0.7074        1.0314       73.0847       96.1694          73.9919
  42    0.0010        0.0795      100.0000      100.0000     0.7073        1.0024       73.7903       96.3710          73.9919
  42    0.0010        0.0795      100.0000      100.0000     0.7073        1.0024       73.7903       96.3710          73.9919
  43    0.0010        0.0787      100.0000      100.0000     0.7072        1.0158       74.2944       96.5726          74.2944
  43    0.0010        0.0787      100.0000      100.0000     0.7072        1.0158       74.2944       96.5726          74.2944
  44    0.0010        0.0782      100.0000      100.0000     0.7072        1.0189       73.8911       96.2702          74.2944
  44    0.0010        0.0782      100.0000      100.0000     0.7072        1.0189       73.8911       96.2702          74.2944
  45    0.0010        0.0791      100.0000      100.0000     0.7072        1.0296       73.3871       96.2702          74.2944
  45    0.0010        0.0791      100.0000      100.0000     0.7072        1.0296       73.3871       96.2702          74.2944
  46    0.0010        0.0793      100.0000      100.0000     0.7072        1.0005       74.4960       96.5726          74.4960
  46    0.0010        0.0793      100.0000      100.0000     0.7072        1.0005       74.4960       96.5726          74.4960
  47    0.0010        0.0798      100.0000      100.0000     0.7072        1.0203       73.9919       95.8669          74.4960
  47    0.0010        0.0798      100.0000      100.0000     0.7072        1.0203       73.9919       95.8669          74.4960
  48    0.0010        0.0786      100.0000      100.0000     0.7072        1.0501       72.0766       96.1694          74.4960
  48    0.0010        0.0786      100.0000      100.0000     0.7072        1.0501       72.0766       96.1694          74.4960
  49    0.0010        0.0785      100.0000      100.0000     0.7072        1.0340       73.5887       96.0685          74.4960
  49    0.0010        0.0785      100.0000      100.0000     0.7072        1.0340       73.5887       96.0685          74.4960
  50    0.0010        0.0786      100.0000      100.0000     0.7072        1.0681       73.0847       95.7661          74.4960
  50    0.0010        0.0786      100.0000      100.0000     0.7072        1.0681       73.0847       95.7661          74.4960
  51    0.0010        0.0788      100.0000      100.0000     0.7072        1.0415       72.2782       96.0685          74.4960
  51    0.0010        0.0788      100.0000      100.0000     0.7072        1.0415       72.2782       96.0685          74.4960
  52    0.0010        0.0796      100.0000      100.0000     0.7072        1.0021       74.1935       95.9677          74.4960
  52    0.0010        0.0796      100.0000      100.0000     0.7072        1.0021       74.1935       95.9677          74.4960
  53    0.0010        0.0790      100.0000      100.0000     0.7072        1.0373       72.8831       95.8669          74.4960
  53    0.0010        0.0790      100.0000      100.0000     0.7072        1.0373       72.8831       95.8669          74.4960
  54    0.0010        0.0801      100.0000      100.0000     0.7072        1.0295       73.6895       96.0685          74.4960
  54    0.0010        0.0801      100.0000      100.0000     0.7072        1.0295       73.6895       96.0685          74.4960
  55    0.0010        0.0795      100.0000      100.0000     0.7072        1.0233       73.3871       96.0685          74.4960
  55    0.0010        0.0795      100.0000      100.0000     0.7072        1.0233       73.3871       96.0685          74.4960
  56    0.0010        0.0802      100.0000      100.0000     0.7072        1.0227       72.8831       96.4718          74.4960
  56    0.0010        0.0802      100.0000      100.0000     0.7072        1.0227       72.8831       96.4718          74.4960
  57    0.0010        0.0790      100.0000      100.0000     0.7072        1.0191       73.4879       95.7661          74.4960
  57    0.0010        0.0790      100.0000      100.0000     0.7072        1.0191       73.4879       95.7661          74.4960
  58    0.0010        0.0788      100.0000      100.0000     0.7072        1.0414       73.3871       95.7661          74.4960
  58    0.0010        0.0788      100.0000      100.0000     0.7072        1.0414       73.3871       95.7661          74.4960
  59    0.0010        0.0769      100.0000      100.0000     0.7072        1.0474       73.3871       96.2702          74.4960
  59    0.0010        0.0769      100.0000      100.0000     0.7072        1.0474       73.3871       96.2702          74.4960
  60    0.0010        0.0803      100.0000      100.0000     0.7072        1.0330       73.4879       95.8669          74.4960
  60    0.0010        0.0803      100.0000      100.0000     0.7072        1.0330       73.4879       95.8669          74.4960
  61    0.0010        0.0786      100.0000      100.0000     0.7072        1.0250       72.5806       96.3710          74.4960
  61    0.0010        0.0786      100.0000      100.0000     0.7072        1.0250       72.5806       96.3710          74.4960
  62    0.0010        0.0786      100.0000      100.0000     0.7072        1.0177       74.4960       96.5726          74.4960
  62    0.0010        0.0786      100.0000      100.0000     0.7072        1.0177       74.4960       96.5726          74.4960
  63    0.0010        0.0789      100.0000      100.0000     0.7072        1.0156       72.9839       95.7661          74.4960
  63    0.0010        0.0789      100.0000      100.0000     0.7072        1.0156       72.9839       95.7661          74.4960
  64    0.0010        0.0796      100.0000      100.0000     0.7072        1.0056       73.4879       96.5726          74.4960
  64    0.0010        0.0796      100.0000      100.0000     0.7072        1.0056       73.4879       96.5726          74.4960
  65    0.0010        0.0787      100.0000      100.0000     0.7072        1.0256       72.2782       95.8669          74.4960
  65    0.0010        0.0787      100.0000      100.0000     0.7072        1.0256       72.2782       95.8669          74.4960
  66    0.0010        0.0795      100.0000      100.0000     0.7072        1.0770       72.7823       96.3710          74.4960
  66    0.0010        0.0795      100.0000      100.0000     0.7072        1.0770       72.7823       96.3710          74.4960
  67    0.0010        0.0799      100.0000      100.0000     0.7072        1.0335       72.8831       95.6653          74.4960
  67    0.0010        0.0799      100.0000      100.0000     0.7072        1.0335       72.8831       95.6653          74.4960
  68    0.0010        0.0787      100.0000      100.0000     0.7072        1.0221       73.2863       95.8669          74.4960
  68    0.0010        0.0787      100.0000      100.0000     0.7072        1.0221       73.2863       95.8669          74.4960
  69    0.0010        0.0801      100.0000      100.0000     0.7072        1.0056       73.4879       96.0685          74.4960
  69    0.0010        0.0801      100.0000      100.0000     0.7072        1.0056       73.4879       96.0685          74.4960
  70    0.0010        0.0773      100.0000      100.0000     0.7072        1.0059       73.7903       95.8669          74.4960
  70    0.0010        0.0773      100.0000      100.0000     0.7072        1.0059       73.7903       95.8669          74.4960
  71    0.0010        0.0776      100.0000      100.0000     0.7072        1.0369       73.4879       95.6653          74.4960
  71    0.0010        0.0776      100.0000      100.0000     0.7072        1.0369       73.4879       95.6653          74.4960
  72    0.0010        0.0797      100.0000      100.0000     0.7072        1.0261       73.4879       95.8669          74.4960
  72    0.0010        0.0797      100.0000      100.0000     0.7072        1.0261       73.4879       95.8669          74.4960
  73    0.0010        0.0780      100.0000      100.0000     0.7072        1.0489       72.9839       96.2702          74.4960
  73    0.0010        0.0780      100.0000      100.0000     0.7072        1.0489       72.9839       96.2702          74.4960
  74    0.0010        0.0791      100.0000      100.0000     0.7072        1.0452       72.7823       95.4637          74.4960
  74    0.0010        0.0791      100.0000      100.0000     0.7072        1.0452       72.7823       95.4637          74.4960
  75    0.0010        0.0775      100.0000      100.0000     0.7072        1.0097       73.7903       96.0685          74.4960
  75    0.0010        0.0775      100.0000      100.0000     0.7072        1.0097       73.7903       96.0685          74.4960
  76    0.0010        0.0786      100.0000      100.0000     0.7072        1.0257       73.2863       95.8669          74.4960
  76    0.0010        0.0786      100.0000      100.0000     0.7072        1.0257       73.2863       95.8669          74.4960
  77    0.0010        0.0784      100.0000      100.0000     0.7072        1.0195       72.9839       96.0685          74.4960
  77    0.0010        0.0784      100.0000      100.0000     0.7072        1.0195       72.9839       96.0685          74.4960
  78    0.0010        0.0788      100.0000      100.0000     0.7072        1.0384       73.8911       96.8750          74.4960
  78    0.0010        0.0788      100.0000      100.0000     0.7072        1.0384       73.8911       96.8750          74.4960
  79    0.0010        0.0781      100.0000      100.0000     0.7072        1.0290       73.2863       95.3629          74.4960
  79    0.0010        0.0781      100.0000      100.0000     0.7072        1.0290       73.2863       95.3629          74.4960
  80    0.0010        0.0779      100.0000      100.0000     0.7072        1.0103       73.7903       96.0685          74.4960
  80    0.0010        0.0779      100.0000      100.0000     0.7072        1.0103       73.7903       96.0685          74.4960
  81    0.0010        0.0782      100.0000      100.0000     0.7072        1.0298       73.1855       96.3710          74.4960
  81    0.0010        0.0782      100.0000      100.0000     0.7072        1.0298       73.1855       96.3710          74.4960
  82    0.0010        0.0785      100.0000      100.0000     0.7072        1.0221       74.0927       95.8669          74.4960
  82    0.0010        0.0785      100.0000      100.0000     0.7072        1.0221       74.0927       95.8669          74.4960
  83    0.0010        0.0778      100.0000      100.0000     0.7072        1.0254       73.1855       96.0685          74.4960
  83    0.0010        0.0778      100.0000      100.0000     0.7072        1.0254       73.1855       96.0685          74.4960
  84    0.0010        0.0783      100.0000      100.0000     0.7072        1.0305       73.9919       95.2621          74.4960
  84    0.0010        0.0783      100.0000      100.0000     0.7072        1.0305       73.9919       95.2621          74.4960
  85    0.0010        0.0780      100.0000      100.0000     0.7072        1.0113       74.2944       95.4637          74.4960
  85    0.0010        0.0780      100.0000      100.0000     0.7072        1.0113       74.2944       95.4637          74.4960
  86    0.0010        0.0785      100.0000      100.0000     0.7072        0.9993       73.6895       96.3710          74.4960
  86    0.0010        0.0785      100.0000      100.0000     0.7072        0.9993       73.6895       96.3710          74.4960
  87    0.0010        0.0778      100.0000      100.0000     0.7072        1.0187       73.5887       95.5645          74.4960
  87    0.0010        0.0778      100.0000      100.0000     0.7072        1.0187       73.5887       95.5645          74.4960
  88    0.0010        0.0763      100.0000      100.0000     0.7072        1.0354       72.7823       96.0685          74.4960
  88    0.0010        0.0763      100.0000      100.0000     0.7072        1.0354       72.7823       96.0685          74.4960
  89    0.0010        0.0790      100.0000      100.0000     0.7072        1.0153       73.8911       96.0685          74.4960
  89    0.0010        0.0790      100.0000      100.0000     0.7072        1.0153       73.8911       96.0685          74.4960
  90    0.0010        0.0781      100.0000      100.0000     0.7072        1.0224       73.0847       95.7661          74.4960
  90    0.0010        0.0781      100.0000      100.0000     0.7072        1.0224       73.0847       95.7661          74.4960
  91    0.0010        3.3766       37.2220       69.4284     0.6159        2.3744       13.9113       65.0202          74.4960
  91    0.0010        3.3766       37.2220       69.4284     0.6159        2.3744       13.9113       65.0202          74.4960
  92    0.0010        2.6598       12.9671       56.9617     0.6258        2.5004       14.4153       57.2581          74.4960
  92    0.0010        2.6598       12.9671       56.9617     0.6258        2.5004       14.4153       57.2581          74.4960
  93    0.0010        2.5744       12.6223       56.2945     0.6446        2.3557       14.0121       57.6613          74.4960
  93    0.0010        2.5744       12.6223       56.2945     0.6446        2.3557       14.0121       57.6613          74.4960
  94    0.0010        2.6445       12.3109       55.3047     0.7270        2.5016        8.6694       45.6653          74.4960
  94    0.0010        2.6445       12.3109       55.3047     0.7270        2.5016        8.6694       45.6653          74.4960
  95    0.0010        2.5573       11.7438       54.3149     0.7766        2.6694       13.2056       51.6129          74.4960
  95    0.0010        2.5573       11.7438       54.3149     0.7766        2.6694       13.2056       51.6129          74.4960
  96    0.0010        2.3846       11.2211       52.8025     0.7968        2.3060       10.1815       53.7298          74.4960
  96    0.0010        2.3846       11.2211       52.8025     0.7968        2.3060       10.1815       53.7298          74.4960
  97    0.0010        2.4798       11.4435       53.7589     0.7610        2.4633        8.8710       47.9839          74.4960
  97    0.0010        2.4798       11.4435       53.7589     0.7610        2.4633        8.8710       47.9839          74.4960
  98    0.0010        2.4836       12.4222       54.5151     0.7741        2.3570       11.5927       54.0323          74.4960
  98    0.0010        2.4836       12.4222       54.5151     0.7741        2.3570       11.5927       54.0323          74.4960
  99    0.0010        2.4223       12.9337       57.4733     0.8130        2.3026       12.5000       58.6694          74.4960
  99    0.0010        2.4223       12.9337       57.4733     0.8130        2.3026       12.5000       58.6694          74.4960
 100    0.0010        2.4036       12.7669       55.6161     0.8377        2.2810       14.7177       56.5524          74.4960
 100    0.0010        2.4036       12.7669       55.6161     0.8377        2.2810       14.7177       56.5524          74.4960
 101    0.0010        2.4243       10.8652       52.5467     0.8568        2.4355       11.0887       50.4032          74.4960
 101    0.0010        2.4243       10.8652       52.5467     0.8568        2.4355       11.0887       50.4032          74.4960
 102    0.0010        2.3715       11.0988       52.0463     0.8374        2.3107       10.4839       50.5040          74.4960
 102    0.0010        2.3715       11.0988       52.0463     0.8374        2.3107       10.4839       50.5040          74.4960
 103    0.0010        2.3184       10.6206       51.9017     0.8424        2.3134       12.3992       48.7903          74.4960
 103    0.0010        2.3184       10.6206       51.9017     0.8424        2.3134       12.3992       48.7903          74.4960
 104    0.0010        2.3201       10.5205       49.6997     0.8463        2.3134       10.8871       51.6129          74.4960
 104    0.0010        2.3201       10.5205       49.6997     0.8463        2.3134       10.8871       51.6129          74.4960
 105    0.0010        2.3208        9.9310       49.6441     0.8465        2.3148       11.3911       50.1008          74.4960
 105    0.0010        2.3208        9.9310       49.6441     0.8465        2.3148       11.3911       50.1008          74.4960
 106    0.0010        2.3481       10.2980       49.6552     0.8263        2.3276        9.7782       48.5887          74.4960
 106    0.0010        2.3481       10.2980       49.6552     0.8263        2.3276        9.7782       48.5887          74.4960
 107    0.0010        2.3387        9.6197       49.2215     0.8247        2.3389       10.2823       51.5121          74.4960
 107    0.0010        2.3387        9.6197       49.2215     0.8247        2.3389       10.2823       51.5121          74.4960
 108    0.0010        2.3292       10.4093       50.2335     0.8289        2.3390        9.4758       50.2016          74.4960
 108    0.0010        2.3292       10.4093       50.2335     0.8289        2.3390        9.4758       50.2016          74.4960
 109    0.0010        2.3955       11.3101       53.5476     0.8756        2.3638       13.0040       49.0927          74.4960
 109    0.0010        2.3955       11.3101       53.5476     0.8756        2.3638       13.0040       49.0927          74.4960
 110    0.0010        2.3844       11.8995       55.2602     0.8835        2.3161       12.2984       54.1331          74.4960
 110    0.0010        2.3844       11.8995       55.2602     0.8835        2.3161       12.2984       54.1331          74.4960
 111    0.0010        2.3406       12.0218       55.4827     0.9095        2.3510        9.8790       51.5121          74.4960
 111    0.0010        2.3406       12.0218       55.4827     0.9095        2.3510        9.8790       51.5121          74.4960
 112    0.0010        2.3422       11.5992       52.3688     0.9121        2.3055       10.8871       55.1411          74.4960
 112    0.0010        2.3422       11.5992       52.3688     0.9121        2.3055       10.8871       55.1411          74.4960
 113    0.0010        2.3331       11.0320       51.5013     0.9151        2.3167       10.1815       52.3185          74.4960
 113    0.0010        2.3331       11.0320       51.5013     0.9151        2.3167       10.1815       52.3185          74.4960
 114    0.0010        2.3240       10.5872       50.8897     0.9036        2.3076       10.3831       50.9073          74.4960
 114    0.0010        2.3240       10.5872       50.8897     0.9036        2.3076       10.3831       50.9073          74.4960
 115    0.0010        2.3339       10.6094       51.4235     0.9058        2.3350        9.5766       48.2863          74.4960
 115    0.0010        2.3339       10.6094       51.4235     0.9058        2.3350        9.5766       48.2863          74.4960
 116    0.0010        2.3424       10.2536       50.7562     0.9070        2.3447       10.2823       49.0927          74.4960
 116    0.0010        2.3424       10.2536       50.7562     0.9070        2.3447       10.2823       49.0927          74.4960
 117    0.0010        2.3460        9.9199       49.8109     0.9023        2.3729        9.8790       50.4032          74.4960
 117    0.0010        2.3460        9.9199       49.8109     0.9023        2.3729        9.8790       50.4032          74.4960
 118    0.0010        2.3431        9.9867       49.9778     0.8979        2.3351        8.5685       49.3952          74.4960
 118    0.0010        2.3431        9.9867       49.9778     0.8979        2.3351        8.5685       49.3952          74.4960
 119    0.0010        2.3393       10.2313       50.1668     0.8918        2.3085       10.0806       50.4032          74.4960
 119    0.0010        2.3393       10.2313       50.1668     0.8918        2.3085       10.0806       50.4032          74.4960
 120    0.0010        2.3353        9.2749       49.5107     0.8912        2.3277       10.4839       49.8992          74.4960
 120    0.0010        2.3353        9.2749       49.5107     0.8912        2.3277       10.4839       49.8992          74.4960
 121    0.0010        2.3468       10.0645       49.7665     0.8870        2.3225        9.4758       51.8145          74.4960
 121    0.0010        2.3468       10.0645       49.7665     0.8870        2.3225        9.4758       51.8145          74.4960
 122    0.0010        2.3406        9.6753       49.8221     0.8844        2.3156       10.0806       51.8145          74.4960
 122    0.0010        2.3406        9.6753       49.8221     0.8844        2.3156       10.0806       51.8145          74.4960
 123    0.0010        2.3500        9.6085       49.9110     0.8823        2.3615        8.5685       48.3871          74.4960
 123    0.0010        2.3500        9.6085       49.9110     0.8823        2.3615        8.5685       48.3871          74.4960
 124    0.0010        2.3374        9.9422       49.6997     0.8776        2.3162        9.5766       48.7903          74.4960
 124    0.0010        2.3374        9.9422       49.6997     0.8776        2.3162        9.5766       48.7903          74.4960
